빌드 시작: 2016-09-30 오전 11:37:22
     1>2 노드의 "C:\ymkang2016Graphics\201602_Graphics\Ex_code\Ex03_02_Zoom\Ex03_02_Zoom\Ex03_02_Zoom.vcxproj" 프로젝트(Build 대상)입니다.
     1>ClCompile:
         C:\Program Files (x86)\Microsoft Visual Studio 12.0\VC\bin\CL.exe /c /ZI /nologo /W3 /WX- /sdl /Od /Oy- /D WIN32 /D _DEBUG /D _CONSOLE /D _LIB /D _UNICODE /D UNICODE /Gm /EHsc /RTC1 /MDd /GS /fp:precise /Zc:wchar_t /Zc:forScope /Fo"Debug\\" /Fd"Debug\vc120.pdb" /Gd /TP /analyze- /errorReport:prompt main.cpp
         main.cpp
     1>c:\ymkang2016graphics\201602_graphics\ex_code\ex03_02_zoom\ex03_02_zoom\main.cpp(24): warning C4305: '*=' : 'double'에서 'float'(으)로 잘립니다.
     1>c:\ymkang2016graphics\201602_graphics\ex_code\ex03_02_zoom\ex03_02_zoom\main.cpp(25): warning C4305: '*=' : 'double'에서 'float'(으)로 잘립니다.
     1>c:\ymkang2016graphics\201602_graphics\ex_code\ex03_02_zoom\ex03_02_zoom\main.cpp(26): warning C4244: '-=' : 'double'에서 'float'(으)로 변환하면서 데이터가 손실될 수 있습니다.
     1>c:\ymkang2016graphics\201602_graphics\ex_code\ex03_02_zoom\ex03_02_zoom\main.cpp(27): warning C4244: '+=' : 'double'에서 'float'(으)로 변환하면서 데이터가 손실될 수 있습니다.
     1>c:\ymkang2016graphics\201602_graphics\ex_code\ex03_02_zoom\ex03_02_zoom\main.cpp(35): warning C4305: '초기화 중' : 'double'에서 'float'(으)로 잘립니다.
     1>c:\ymkang2016graphics\201602_graphics\ex_code\ex03_02_zoom\ex03_02_zoom\main.cpp(63): warning C4305: '인수' : 'double'에서 'GLfloat'(으)로 잘립니다.
     1>c:\ymkang2016graphics\201602_graphics\ex_code\ex03_02_zoom\ex03_02_zoom\main.cpp(64): warning C4305: '인수' : 'double'에서 'GLfloat'(으)로 잘립니다.
     1>c:\ymkang2016graphics\201602_graphics\ex_code\ex03_02_zoom\ex03_02_zoom\main.cpp(65): warning C4305: '인수' : 'double'에서 'GLfloat'(으)로 잘립니다.
     1>c:\ymkang2016graphics\201602_graphics\ex_code\ex03_02_zoom\ex03_02_zoom\main.cpp(69): warning C4305: '인수' : 'double'에서 'float'(으)로 잘립니다.
       Link:
         C:\Program Files (x86)\Microsoft Visual Studio 12.0\VC\bin\link.exe /ERRORREPORT:PROMPT /OUT:"C:\ymkang2016Graphics\201602_Graphics\Ex_code\Ex03_02_Zoom\Debug\Ex03_02_Zoom.exe" /INCREMENTAL /NOLOGO kernel32.lib user32.lib gdi32.lib winspool.lib comdlg32.lib advapi32.lib shell32.lib ole32.lib oleaut32.lib uuid.lib odbc32.lib odbccp32.lib /MANIFEST /MANIFESTUAC:"level='asInvoker' uiAccess='false'" /manifest:embed /DEBUG /PDB:"C:\ymkang2016Graphics\201602_Graphics\Ex_code\Ex03_02_Zoom\Debug\Ex03_02_Zoom.pdb" /SUBSYSTEM:CONSOLE /TLBID:1 /DYNAMICBASE /NXCOMPAT /IMPLIB:"C:\ymkang2016Graphics\201602_Graphics\Ex_code\Ex03_02_Zoom\Debug\Ex03_02_Zoom.lib" /MACHINE:X86 Debug\main.obj
         Ex03_02_Zoom.vcxproj -> C:\ymkang2016Graphics\201602_Graphics\Ex_code\Ex03_02_Zoom\Debug\Ex03_02_Zoom.exe
     1>"C:\ymkang2016Graphics\201602_Graphics\Ex_code\Ex03_02_Zoom\Ex03_02_Zoom\Ex03_02_Zoom.vcxproj" 프로젝트를 빌드했습니다(Build 대상).

빌드했습니다.

경과 시간: 00:00:00.60
