빌드 시작: 2016-10-14 오전 10:36:53
     1>2 노드의 "C:\ymkang2016Graphics\201602_Graphics\Ex_code\Ex05_01_SoloarSystem\Ex05_01_SoloarSystem\Ex05_01_SoloarSystem.vcxproj" 프로젝트(Build 대상)입니다.
     1>ClCompile:
         C:\Program Files (x86)\Microsoft Visual Studio 12.0\VC\bin\CL.exe /c /ZI /nologo /W3 /WX- /sdl /Od /Oy- /D WIN32 /D _DEBUG /D _CONSOLE /D _LIB /D _UNICODE /D UNICODE /Gm /EHsc /RTC1 /MDd /GS /fp:precise /Zc:wchar_t /Zc:forScope /Fo"Debug\\" /Fd"Debug\vc120.pdb" /Gd /TP /analyze- /errorReport:prompt main.cpp
         main.cpp
     1>c:\ymkang2016graphics\201602_graphics\ex_code\ex05_01_soloarsystem\ex05_01_soloarsystem\main.cpp(68): warning C4305: '인수' : 'double'에서 'GLfloat'(으)로 잘립니다.
     1>c:\ymkang2016graphics\201602_graphics\ex_code\ex05_01_soloarsystem\ex05_01_soloarsystem\main.cpp(73): warning C4305: '인수' : 'double'에서 'GLfloat'(으)로 잘립니다.
     1>c:\ymkang2016graphics\201602_graphics\ex_code\ex05_01_soloarsystem\ex05_01_soloarsystem\main.cpp(76): warning C4305: '+=' : 'double'에서 'float'(으)로 잘립니다.
     1>c:\ymkang2016graphics\201602_graphics\ex_code\ex05_01_soloarsystem\ex05_01_soloarsystem\main.cpp(77): warning C4305: '인수' : 'double'에서 'float'(으)로 잘립니다.
     1>c:\ymkang2016graphics\201602_graphics\ex_code\ex05_01_soloarsystem\ex05_01_soloarsystem\main.cpp(82): warning C4305: '인수' : 'double'에서 'GLfloat'(으)로 잘립니다.
     1>c:\ymkang2016graphics\201602_graphics\ex_code\ex05_01_soloarsystem\ex05_01_soloarsystem\main.cpp(83): warning C4305: '+=' : 'double'에서 'float'(으)로 잘립니다.
     1>c:\ymkang2016graphics\201602_graphics\ex_code\ex05_01_soloarsystem\ex05_01_soloarsystem\main.cpp(86): warning C4305: '+=' : 'double'에서 'float'(으)로 잘립니다.
     1>c:\ymkang2016graphics\201602_graphics\ex_code\ex05_01_soloarsystem\ex05_01_soloarsystem\main.cpp(87): warning C4305: '인수' : 'double'에서 'float'(으)로 잘립니다.
     1>c:\ymkang2016graphics\201602_graphics\ex_code\ex05_01_soloarsystem\ex05_01_soloarsystem\main.cpp(93): warning C4305: '+=' : 'double'에서 'float'(으)로 잘립니다.
     1>c:\ymkang2016graphics\201602_graphics\ex_code\ex05_01_soloarsystem\ex05_01_soloarsystem\main.cpp(94): warning C4305: '인수' : 'double'에서 'GLfloat'(으)로 잘립니다.
     1>c:\ymkang2016graphics\201602_graphics\ex_code\ex05_01_soloarsystem\ex05_01_soloarsystem\main.cpp(95): warning C4305: '인수' : 'double'에서 'float'(으)로 잘립니다.
     1>c:\ymkang2016graphics\201602_graphics\ex_code\ex05_01_soloarsystem\ex05_01_soloarsystem\main.cpp(100): warning C4305: '인수' : 'double'에서 'GLfloat'(으)로 잘립니다.
     1>c:\ymkang2016graphics\201602_graphics\ex_code\ex05_01_soloarsystem\ex05_01_soloarsystem\main.cpp(101): warning C4305: '+=' : 'double'에서 'float'(으)로 잘립니다.
     1>c:\ymkang2016graphics\201602_graphics\ex_code\ex05_01_soloarsystem\ex05_01_soloarsystem\main.cpp(104): warning C4305: '+=' : 'double'에서 'float'(으)로 잘립니다.
     1>c:\ymkang2016graphics\201602_graphics\ex_code\ex05_01_soloarsystem\ex05_01_soloarsystem\main.cpp(105): warning C4305: '인수' : 'double'에서 'float'(으)로 잘립니다.
     1>c:\ymkang2016graphics\201602_graphics\ex_code\ex05_01_soloarsystem\ex05_01_soloarsystem\main.cpp(111): warning C4305: '+=' : 'double'에서 'float'(으)로 잘립니다.
     1>c:\ymkang2016graphics\201602_graphics\ex_code\ex05_01_soloarsystem\ex05_01_soloarsystem\main.cpp(113): warning C4305: '인수' : 'double'에서 'float'(으)로 잘립니다.
     1>c:\ymkang2016graphics\201602_graphics\ex_code\ex05_01_soloarsystem\ex05_01_soloarsystem\main.cpp(119): warning C4305: '+=' : 'double'에서 'float'(으)로 잘립니다.
     1>c:\ymkang2016graphics\201602_graphics\ex_code\ex05_01_soloarsystem\ex05_01_soloarsystem\main.cpp(121): warning C4305: '인수' : 'double'에서 'float'(으)로 잘립니다.
       Link:
         C:\Program Files (x86)\Microsoft Visual Studio 12.0\VC\bin\link.exe /ERRORREPORT:PROMPT /OUT:"C:\ymkang2016Graphics\201602_Graphics\Ex_code\Ex05_01_SoloarSystem\Debug\Ex05_01_SoloarSystem.exe" /INCREMENTAL /NOLOGO kernel32.lib user32.lib gdi32.lib winspool.lib comdlg32.lib advapi32.lib shell32.lib ole32.lib oleaut32.lib uuid.lib odbc32.lib odbccp32.lib /MANIFEST /MANIFESTUAC:"level='asInvoker' uiAccess='false'" /manifest:embed /DEBUG /PDB:"C:\ymkang2016Graphics\201602_Graphics\Ex_code\Ex05_01_SoloarSystem\Debug\Ex05_01_SoloarSystem.pdb" /SUBSYSTEM:CONSOLE /TLBID:1 /DYNAMICBASE /NXCOMPAT /IMPLIB:"C:\ymkang2016Graphics\201602_Graphics\Ex_code\Ex05_01_SoloarSystem\Debug\Ex05_01_SoloarSystem.lib" /MACHINE:X86 Debug\main.obj
         Ex05_01_SoloarSystem.vcxproj -> C:\ymkang2016Graphics\201602_Graphics\Ex_code\Ex05_01_SoloarSystem\Debug\Ex05_01_SoloarSystem.exe
     1>"C:\ymkang2016Graphics\201602_Graphics\Ex_code\Ex05_01_SoloarSystem\Ex05_01_SoloarSystem\Ex05_01_SoloarSystem.vcxproj" 프로젝트를 빌드했습니다(Build 대상).

빌드했습니다.

경과 시간: 00:00:00.71
